  compilation object save succeeded; see C:\Users\ryanb\source\repos\PopBalloons\PopBalloons\PopBalloons\Shaders\Pixel.cso
  compilation object save succeeded; see C:\Users\ryanb\source\repos\PopBalloons\PopBalloons\PopBalloons\Shaders\Vertex.cso
  Animation.cpp
  Atack.cpp
C:\Users\ryanb\source\repos\PopBalloons\PopBalloons\PopBalloons\Atack.cpp(10,31): warning C4305: 'argumento': truncamento de 'double' para 'float'
C:\Users\ryanb\source\repos\PopBalloons\PopBalloons\PopBalloons\Atack.cpp(10,21): warning C4305: 'argumento': truncamento de 'double' para 'float'
  Balloon.cpp
C:\Users\ryanb\source\repos\PopBalloons\PopBalloons\PopBalloons\Balloon.h(1,10): warning C4067: tokens inesperados após diretiva de pré-processador - esperado um newline
C:\Users\ryanb\source\repos\PopBalloons\PopBalloons\PopBalloons\Balloon.h(2,10): warning C4067: tokens inesperados após diretiva de pré-processador - esperado um newline
  Engine.cpp
  Font.cpp
  Player.cpp
C:\Users\ryanb\source\repos\PopBalloons\PopBalloons\PopBalloons\Player.cpp(6,48): warning C4244: 'argumento': conversão de 'double' para 'uint', possível perda de dados
  PopBalloons.cpp
C:\Users\ryanb\source\repos\PopBalloons\PopBalloons\PopBalloons\Balloon.h(1,10): warning C4067: tokens inesperados após diretiva de pré-processador - esperado um newline
C:\Users\ryanb\source\repos\PopBalloons\PopBalloons\PopBalloons\Balloon.h(2,10): warning C4067: tokens inesperados após diretiva de pré-processador - esperado um newline
  Game.cpp
  Geometry.cpp
  Graphics.cpp
  Image.cpp
  Object.cpp
  Renderer.cpp
  Scene.cpp
  Sprite.cpp
  Texture.cpp
  TileSet.cpp
  Timer.cpp
  Window.cpp
  Gerando código
  Previous IPDB not found, fall back to full compilation.
  All 1033 functions were compiled because no usable IPDB/IOBJ from previous compilation was found.
  Finalizada a geração de código
  PopBalloons.vcxproj -> C:\Users\ryanb\source\repos\PopBalloons\PopBalloons\x64\Release\PopBalloons.exe
