C:\Program Files\Microsoft Visual Studio\2022\Community\MSBuild\Microsoft\VC\v170\Microsoft.CppBuild.targets(531,5): warning MSB8028: O diretório intermediário (x64\Debug\) contém arquivos compartilhados de outro projeto (FontDemo.vcxproj). Isso pode levar a um comportamento incorreto de limpeza e recompilação.
  PopBalloons.cpp
C:\Users\ryanb\source\repos\PopBalloons\PopBalloons\PopBalloons\Balloon.h(1,10): warning C4067: tokens inesperados após diretiva de pré-processador - esperado um newline
C:\Users\ryanb\source\repos\PopBalloons\PopBalloons\PopBalloons\Balloon.h(2,10): warning C4067: tokens inesperados após diretiva de pré-processador - esperado um newline
C:\Users\ryanb\source\repos\PopBalloons\PopBalloons\PopBalloons\PopBalloons.cpp(44,32): warning C4244: 'argumento': conversão de 'int' para 'float', possível perda de dados
C:\Users\ryanb\source\repos\PopBalloons\PopBalloons\PopBalloons\PopBalloons.cpp(48,32): warning C4244: 'argumento': conversão de 'int' para 'float', possível perda de dados
C:\Users\ryanb\source\repos\PopBalloons\PopBalloons\PopBalloons\PopBalloons.cpp(52,32): warning C4244: 'argumento': conversão de 'int' para 'float', possível perda de dados
C:\Users\ryanb\source\repos\PopBalloons\PopBalloons\PopBalloons\PopBalloons.cpp(56,32): warning C4244: 'argumento': conversão de 'int' para 'float', possível perda de dados
C:\Users\ryanb\source\repos\PopBalloons\PopBalloons\PopBalloons\PopBalloons.cpp(60,32): warning C4244: 'argumento': conversão de 'int' para 'float', possível perda de dados
C:\Users\ryanb\source\repos\PopBalloons\PopBalloons\PopBalloons\PopBalloons.cpp(64,32): warning C4244: 'argumento': conversão de 'int' para 'float', possível perda de dados
C:\Users\ryanb\source\repos\PopBalloons\PopBalloons\PopBalloons\PopBalloons.cpp(68,32): warning C4244: 'argumento': conversão de 'int' para 'float', possível perda de dados
C:\Users\ryanb\source\repos\PopBalloons\PopBalloons\PopBalloons\PopBalloons.cpp(72,32): warning C4244: 'argumento': conversão de 'int' para 'float', possível perda de dados
C:\Users\ryanb\source\repos\PopBalloons\PopBalloons\PopBalloons\PopBalloons.cpp(76,32): warning C4244: 'argumento': conversão de 'int' para 'float', possível perda de dados
C:\Users\ryanb\source\repos\PopBalloons\PopBalloons\PopBalloons\PopBalloons.cpp(80,33): warning C4244: 'argumento': conversão de 'int' para 'float', possível perda de dados
C:\Users\ryanb\source\repos\PopBalloons\PopBalloons\PopBalloons\PopBalloons.cpp(84,33): warning C4244: 'argumento': conversão de 'int' para 'float', possível perda de dados
C:\Users\ryanb\source\repos\PopBalloons\PopBalloons\PopBalloons\PopBalloons.cpp(88,33): warning C4244: 'argumento': conversão de 'int' para 'float', possível perda de dados
C:\Users\ryanb\source\repos\PopBalloons\PopBalloons\PopBalloons\PopBalloons.cpp(92,32): warning C4244: 'argumento': conversão de 'int' para 'float', possível perda de dados
C:\Users\ryanb\source\repos\PopBalloons\PopBalloons\PopBalloons\PopBalloons.cpp(96,32): warning C4244: 'argumento': conversão de 'int' para 'float', possível perda de dados
C:\Users\ryanb\source\repos\PopBalloons\PopBalloons\PopBalloons\PopBalloons.cpp(100,32): warning C4244: 'argumento': conversão de 'int' para 'float', possível perda de dados
C:\Users\ryanb\source\repos\PopBalloons\PopBalloons\PopBalloons\PopBalloons.cpp(104,32): warning C4244: 'argumento': conversão de 'int' para 'float', possível perda de dados
C:\Users\ryanb\source\repos\PopBalloons\PopBalloons\PopBalloons\PopBalloons.cpp(108,32): warning C4244: 'argumento': conversão de 'int' para 'float', possível perda de dados
C:\Users\ryanb\source\repos\PopBalloons\PopBalloons\PopBalloons\PopBalloons.cpp(112,32): warning C4244: 'argumento': conversão de 'int' para 'float', possível perda de dados
C:\Users\ryanb\source\repos\PopBalloons\PopBalloons\PopBalloons\PopBalloons.cpp(116,32): warning C4244: 'argumento': conversão de 'int' para 'float', possível perda de dados
C:\Users\ryanb\source\repos\PopBalloons\PopBalloons\PopBalloons\PopBalloons.cpp(120,32): warning C4244: 'argumento': conversão de 'int' para 'float', possível perda de dados
C:\Users\ryanb\source\repos\PopBalloons\PopBalloons\PopBalloons\PopBalloons.cpp(124,32): warning C4244: 'argumento': conversão de 'int' para 'float', possível perda de dados
C:\Users\ryanb\source\repos\PopBalloons\PopBalloons\PopBalloons\PopBalloons.cpp(128,33): warning C4244: 'argumento': conversão de 'int' para 'float', possível perda de dados
C:\Users\ryanb\source\repos\PopBalloons\PopBalloons\PopBalloons\PopBalloons.cpp(132,33): warning C4244: 'argumento': conversão de 'int' para 'float', possível perda de dados
C:\Users\ryanb\source\repos\PopBalloons\PopBalloons\PopBalloons\PopBalloons.cpp(136,33): warning C4244: 'argumento': conversão de 'int' para 'float', possível perda de dados
  PopBalloons.vcxproj -> C:\Users\ryanb\source\repos\PopBalloons\PopBalloons\x64\Debug\PopBalloons.exe
