d:\projects\jogos\popballoons\popballoons\x64\debug\animation.obj
d:\projects\jogos\popballoons\popballoons\x64\debug\popballoons.obj
d:\projects\jogos\popballoons\popballoons\x64\debug\atack.obj
d:\projects\jogos\popballoons\popballoons\x64\debug\graphics.obj
d:\projects\jogos\popballoons\popballoons\x64\debug\spell.obj
d:\projects\jogos\popballoons\popballoons\x64\debug\font.obj
d:\projects\jogos\popballoons\popballoons\x64\debug\object.obj
d:\projects\jogos\popballoons\popballoons\x64\debug\texture.obj
d:\projects\jogos\popballoons\popballoons\x64\debug\engine.obj
d:\projects\jogos\popballoons\popballoons\x64\debug\geometry.obj
d:\projects\jogos\popballoons\popballoons\x64\debug\scene.obj
d:\projects\jogos\popballoons\popballoons\x64\debug\window.obj
d:\projects\jogos\popballoons\popballoons\x64\debug\gameover.obj
d:\projects\jogos\popballoons\popballoons\x64\debug\image.obj
d:\projects\jogos\popballoons\popballoons\x64\debug\sprite.obj
d:\projects\jogos\popballoons\popballoons\x64\debug\cat.obj
d:\projects\jogos\popballoons\popballoons\x64\debug\player.obj
d:\projects\jogos\popballoons\popballoons\x64\debug\timer.obj
d:\projects\jogos\popballoons\popballoons\x64\debug\balloon.obj
d:\projects\jogos\popballoons\popballoons\x64\debug\renderer.obj
d:\projects\jogos\popballoons\popballoons\x64\debug\tileset.obj
d:\projects\jogos\popballoons\popballoons\x64\debug\gif.obj
d:\projects\jogos\popballoons\popballoons\x64\debug\game.obj
d:\projects\jogos\popballoons\popballoons\x64\debug\telainicial.obj
d:\projects\jogos\popballoons\popballoons\x64\debug\vc143.pdb
d:\projects\jogos\popballoons\popballoons\x64\debug\vc143.idb
d:\projects\jogos\popballoons\popballoons\shaders\pixel.cso
d:\projects\jogos\popballoons\popballoons\shaders\vertex.cso
d:\projects\jogos\popballoons\x64\debug\popballoons.exe
d:\projects\jogos\popballoons\popballoons\x64\debug\popballoons.ilk
d:\projects\jogos\popballoons\x64\debug\popballoons.pdb
d:\projects\jogos\popballoons\popballoons\x64\debug\resources.res
d:\projects\jogos\popballoons\popballoons\x64\debug\popballoons.tlog\cl.command.1.tlog
d:\projects\jogos\popballoons\popballoons\x64\debug\popballoons.tlog\cl.items.tlog
d:\projects\jogos\popballoons\popballoons\x64\debug\popballoons.tlog\cl.read.1.tlog
d:\projects\jogos\popballoons\popballoons\x64\debug\popballoons.tlog\cl.write.1.tlog
d:\projects\jogos\popballoons\popballoons\x64\debug\popballoons.tlog\fxc.command.1.tlog
d:\projects\jogos\popballoons\popballoons\x64\debug\popballoons.tlog\fxc.read.1.tlog
d:\projects\jogos\popballoons\popballoons\x64\debug\popballoons.tlog\fxc.write.1.tlog
d:\projects\jogos\popballoons\popballoons\x64\debug\popballoons.tlog\link.command.1.tlog
d:\projects\jogos\popballoons\popballoons\x64\debug\popballoons.tlog\link.read.1.tlog
d:\projects\jogos\popballoons\popballoons\x64\debug\popballoons.tlog\link.write.1.tlog
d:\projects\jogos\popballoons\popballoons\x64\debug\popballoons.tlog\rc.command.1.tlog
d:\projects\jogos\popballoons\popballoons\x64\debug\popballoons.tlog\rc.read.1.tlog
d:\projects\jogos\popballoons\popballoons\x64\debug\popballoons.tlog\rc.write.1.tlog
